<?xml version="1.0" encoding="UTF-8"?>
<testsuites name="Webpagetest" time="47.948" tests="5" failures="0" errors="0">
   <testsuite name="Webpagetest" tests="5" failures="0" errors="0" time="47.948" timestamp="2020-09-23 17:22:39" hostname="duyvt - linux" id="Test Suites/Webpagetest">
      <properties>
         <property name="deviceName" value=""/>
         <property name="devicePlatform" value=""/>
         <property name="logFolder" value="/home/duyvt/Katalon Studio/Lab01/Reports/20200923_172232/Webpagetest/20200923_172232"/>
         <property name="logFiles" value="/home/duyvt/Katalon Studio/Lab01/Reports/20200923_172232/Webpagetest/20200923_172232/execution0.log"/>
         <property name="attachments" value=""/>
         <property name="hostName" value="duyvt - linux"/>
         <property name="os" value="Linux 64bit"/>
         <property name="katalonVersion" value="7.7.0.205"/>
         <property name="browser" value="Chrome 85.0.4183.102"/>
         <property name="hostAddress" value="127.0.1.1"/>
         <property name="sessionId" value="2b5ac18c6f31c0906e121a491412081a"/>
         <property name="seleniumVersion" value="3.141.59"/>
         <property name="proxyInformation" value="ProxyInformation { proxyOption=NO_PROXY, proxyServerType=HTTP, username=, password=********, proxyServerAddress=, proxyServerPort=0, executionList=&quot;&quot;, isApplyToDesiredCapabilities=true }"/>
         <property name="platform" value="Linux"/>
      </properties>
      <testcase name="Test Cases/TC01_LoginWrongPassword" time="9.735" classname="Test Cases/TC01_LoginWrongPassword" status="PASSED">
         <system-out><![CDATA[2020-09-23 17:22:39 - [TEST_CASE][PASSED] - Test Cases/TC01_LoginWrongPassword: Test Cases/TC01_LoginWrongPassword

2020-09-23 17:22:39 - [TEST_STEP][PASSED] - openBrowser(""): Browser is opened with url: ''

2020-09-23 17:22:39 - [MESSAGE][INFO] - Starting 'Chrome' driver

2020-09-23 17:22:39 - [MESSAGE][INFO] - Action delay is set to 0 milliseconds

2020-09-23 17:22:40 - [MESSAGE][PASSED] - Browser is opened with url: ''

2020-09-23 17:22:40 - [TEST_STEP][PASSED] - navigateToUrl("https://www.webpagetest.org/"): Navigate to 'https://www.webpagetest.org/' successfully

2020-09-23 17:22:44 - [MESSAGE][PASSED] - Navigate to 'https://www.webpagetest.org/' successfully

2020-09-23 17:22:44 - [TEST_STEP][PASSED] - click(findTestObject("Object Repository/TC01_LoginWrongPassword/Page_WebPageTest - Website Performance and _5bfcc6/a_Login")): Object: 'Object Repository/TC01_LoginWrongPassword/Page_WebPageTest - Website Performance and _5bfcc6/a_Login' is clicked on

2020-09-23 17:22:46 - [MESSAGE][PASSED] - Object: 'Object Repository/TC01_LoginWrongPassword/Page_WebPageTest - Website Performance and _5bfcc6/a_Login' is clicked on

2020-09-23 17:22:46 - [TEST_STEP][PASSED] - setText(findTestObject("Object Repository/TC01_LoginWrongPassword/Page_WebPagetest Forums - Login/input_Username_username"), "vtd"): Text 'vtd' is set on object 'Object Repository/TC01_LoginWrongPassword/Page_WebPagetest Forums - Login/input_Username_username'

2020-09-23 17:22:46 - [MESSAGE][PASSED] - Text 'vtd' is set on object 'Object Repository/TC01_LoginWrongPassword/Page_WebPagetest Forums - Login/input_Username_username'

2020-09-23 17:22:46 - [TEST_STEP][PASSED] - setEncryptedText(findTestObject("Object Repository/TC01_LoginWrongPassword/Page_WebPagetest Forums - Login/input_()_password"), "tzH6RvlfSTg="): Text ****** has been set on object 'Object Repository/TC01_LoginWrongPassword/Page_WebPagetest Forums - Login/input_()_password'

2020-09-23 17:22:47 - [MESSAGE][PASSED] - Text ****** has been set on object 'Object Repository/TC01_LoginWrongPassword/Page_WebPagetest Forums - Login/input_()_password'

2020-09-23 17:22:47 - [TEST_STEP][PASSED] - click(findTestObject("Object Repository/TC01_LoginWrongPassword/Page_WebPagetest Forums - Login/input_Remember me_submit")): Object: 'Object Repository/TC01_LoginWrongPassword/Page_WebPagetest Forums - Login/input_Remember me_submit' is clicked on

2020-09-23 17:22:48 - [MESSAGE][PASSED] - Object: 'Object Repository/TC01_LoginWrongPassword/Page_WebPagetest Forums - Login/input_Remember me_submit' is clicked on

2020-09-23 17:22:48 - [TEST_STEP][PASSED] - verifyElementPresent(findTestObject("Object Repository/TC01_LoginWrongPassword/Page_WebPagetest Forums - Login/div_Please correct the following errors bef_8eda1f"), 0): Object 'Object Repository/TC01_LoginWrongPassword/Page_WebPagetest Forums - Login/div_Please correct the following errors bef_8eda1f' is present

2020-09-23 17:22:48 - [MESSAGE][WARNING] - Timeout '0' is invalid. Using default page load timeout: '30'

2020-09-23 17:22:48 - [MESSAGE][PASSED] - Object 'Object Repository/TC01_LoginWrongPassword/Page_WebPagetest Forums - Login/div_Please correct the following errors bef_8eda1f' is present

2020-09-23 17:22:48 - [TEST_STEP][PASSED] - closeBrowser(): Browser is closed

2020-09-23 17:22:49 - [MESSAGE][PASSED] - Browser is closed]]></system-out>
         <system-err><![CDATA[]]></system-err>
      </testcase>
      <testcase name="Test Cases/TC02_LoginEmptyUsername" time="6.654" classname="Test Cases/TC02_LoginEmptyUsername" status="PASSED">
         <system-out><![CDATA[2020-09-23 17:22:49 - [TEST_CASE][PASSED] - Test Cases/TC02_LoginEmptyUsername: Test Cases/TC02_LoginEmptyUsername

2020-09-23 17:22:49 - [TEST_STEP][PASSED] - openBrowser(""): Browser is opened with url: ''

2020-09-23 17:22:49 - [MESSAGE][INFO] - Starting 'Chrome' driver

2020-09-23 17:22:49 - [MESSAGE][INFO] - Action delay is set to 0 milliseconds

2020-09-23 17:22:49 - [MESSAGE][PASSED] - Browser is opened with url: ''

2020-09-23 17:22:49 - [TEST_STEP][PASSED] - navigateToUrl("https://www.webpagetest.org/"): Navigate to 'https://www.webpagetest.org/' successfully

2020-09-23 17:22:52 - [MESSAGE][PASSED] - Navigate to 'https://www.webpagetest.org/' successfully

2020-09-23 17:22:52 - [TEST_STEP][PASSED] - click(findTestObject("Object Repository/TC02_LoginEmptyUsername/Page_WebPageTest - Website Performance and _5bfcc6/a_Login")): Object: 'Object Repository/TC02_LoginEmptyUsername/Page_WebPageTest - Website Performance and _5bfcc6/a_Login' is clicked on

2020-09-23 17:22:54 - [MESSAGE][PASSED] - Object: 'Object Repository/TC02_LoginEmptyUsername/Page_WebPageTest - Website Performance and _5bfcc6/a_Login' is clicked on

2020-09-23 17:22:54 - [TEST_STEP][PASSED] - setEncryptedText(findTestObject("Object Repository/TC02_LoginEmptyUsername/Page_WebPagetest Forums - Login/input_()_password"), "ISvJhDV+0iO0sg/NmSkSwg=="): Text ****** has been set on object 'Object Repository/TC02_LoginEmptyUsername/Page_WebPagetest Forums - Login/input_()_password'

2020-09-23 17:22:54 - [MESSAGE][PASSED] - Text ****** has been set on object 'Object Repository/TC02_LoginEmptyUsername/Page_WebPagetest Forums - Login/input_()_password'

2020-09-23 17:22:54 - [TEST_STEP][PASSED] - click(findTestObject("Object Repository/TC02_LoginEmptyUsername/Page_WebPagetest Forums - Login/input_Remember me_submit")): Object: 'Object Repository/TC02_LoginEmptyUsername/Page_WebPagetest Forums - Login/input_Remember me_submit' is clicked on

2020-09-23 17:22:55 - [MESSAGE][PASSED] - Object: 'Object Repository/TC02_LoginEmptyUsername/Page_WebPagetest Forums - Login/input_Remember me_submit' is clicked on

2020-09-23 17:22:55 - [TEST_STEP][PASSED] - verifyElementPresent(findTestObject("Object Repository/TC02_LoginEmptyUsername/Page_WebPagetest Forums/td_You have entered an invalid usernamepass_5af1be"), 0): Object 'Object Repository/TC02_LoginEmptyUsername/Page_WebPagetest Forums/td_You have entered an invalid usernamepass_5af1be' is present

2020-09-23 17:22:55 - [MESSAGE][WARNING] - Timeout '0' is invalid. Using default page load timeout: '30'

2020-09-23 17:22:55 - [MESSAGE][PASSED] - Object 'Object Repository/TC02_LoginEmptyUsername/Page_WebPagetest Forums/td_You have entered an invalid usernamepass_5af1be' is present

2020-09-23 17:22:55 - [TEST_STEP][PASSED] - closeBrowser(): Browser is closed

2020-09-23 17:22:55 - [MESSAGE][PASSED] - Browser is closed]]></system-out>
         <system-err><![CDATA[]]></system-err>
      </testcase>
      <testcase name="Test Cases/TC03_LoginEmptyPassword" time="7.238" classname="Test Cases/TC03_LoginEmptyPassword" status="PASSED">
         <system-out><![CDATA[2020-09-23 17:22:55 - [TEST_CASE][PASSED] - Test Cases/TC03_LoginEmptyPassword: Test Cases/TC03_LoginEmptyPassword

2020-09-23 17:22:55 - [TEST_STEP][PASSED] - openBrowser(""): Browser is opened with url: ''

2020-09-23 17:22:55 - [MESSAGE][INFO] - Starting 'Chrome' driver

2020-09-23 17:22:55 - [MESSAGE][INFO] - Action delay is set to 0 milliseconds

2020-09-23 17:22:56 - [MESSAGE][PASSED] - Browser is opened with url: ''

2020-09-23 17:22:56 - [TEST_STEP][PASSED] - navigateToUrl("https://www.webpagetest.org/"): Navigate to 'https://www.webpagetest.org/' successfully

2020-09-23 17:22:58 - [MESSAGE][PASSED] - Navigate to 'https://www.webpagetest.org/' successfully

2020-09-23 17:22:58 - [TEST_STEP][PASSED] - click(findTestObject("Object Repository/TC03_LoginEmptyPassword/Page_WebPageTest - Website Performance and _5bfcc6/a_Login")): Object: 'Object Repository/TC03_LoginEmptyPassword/Page_WebPageTest - Website Performance and _5bfcc6/a_Login' is clicked on

2020-09-23 17:23:00 - [MESSAGE][PASSED] - Object: 'Object Repository/TC03_LoginEmptyPassword/Page_WebPageTest - Website Performance and _5bfcc6/a_Login' is clicked on

2020-09-23 17:23:00 - [TEST_STEP][PASSED] - setText(findTestObject("Object Repository/TC03_LoginEmptyPassword/Page_WebPagetest Forums - Login/input_Username_username"), "vtd"): Text 'vtd' is set on object 'Object Repository/TC03_LoginEmptyPassword/Page_WebPagetest Forums - Login/input_Username_username'

2020-09-23 17:23:01 - [MESSAGE][PASSED] - Text 'vtd' is set on object 'Object Repository/TC03_LoginEmptyPassword/Page_WebPagetest Forums - Login/input_Username_username'

2020-09-23 17:23:01 - [TEST_STEP][PASSED] - click(findTestObject("Object Repository/TC03_LoginEmptyPassword/Page_WebPagetest Forums - Login/input_Remember me_submit")): Object: 'Object Repository/TC03_LoginEmptyPassword/Page_WebPagetest Forums - Login/input_Remember me_submit' is clicked on

2020-09-23 17:23:02 - [MESSAGE][PASSED] - Object: 'Object Repository/TC03_LoginEmptyPassword/Page_WebPagetest Forums - Login/input_Remember me_submit' is clicked on

2020-09-23 17:23:02 - [TEST_STEP][PASSED] - verifyElementPresent(findTestObject("Object Repository/TC03_LoginEmptyPassword/Page_WebPagetest Forums - Login/div_Please correct the following errors bef_8eda1f"), 0): Object 'Object Repository/TC03_LoginEmptyPassword/Page_WebPagetest Forums - Login/div_Please correct the following errors bef_8eda1f' is present

2020-09-23 17:23:02 - [MESSAGE][WARNING] - Timeout '0' is invalid. Using default page load timeout: '30'

2020-09-23 17:23:02 - [MESSAGE][PASSED] - Object 'Object Repository/TC03_LoginEmptyPassword/Page_WebPagetest Forums - Login/div_Please correct the following errors bef_8eda1f' is present

2020-09-23 17:23:02 - [TEST_STEP][PASSED] - closeBrowser(): Browser is closed

2020-09-23 17:23:02 - [MESSAGE][PASSED] - Browser is closed]]></system-out>
         <system-err><![CDATA[]]></system-err>
      </testcase>
      <testcase name="Test Cases/TC04_LoginSuccess" time="9.494" classname="Test Cases/TC04_LoginSuccess" status="PASSED">
         <system-out><![CDATA[2020-09-23 17:23:02 - [TEST_CASE][PASSED] - Test Cases/TC04_LoginSuccess: Test Cases/TC04_LoginSuccess

2020-09-23 17:23:03 - [TEST_STEP][PASSED] - openBrowser(""): Browser is opened with url: ''

2020-09-23 17:23:03 - [MESSAGE][INFO] - Starting 'Chrome' driver

2020-09-23 17:23:03 - [MESSAGE][INFO] - Action delay is set to 0 milliseconds

2020-09-23 17:23:03 - [MESSAGE][PASSED] - Browser is opened with url: ''

2020-09-23 17:23:03 - [TEST_STEP][PASSED] - navigateToUrl("https://www.webpagetest.org/"): Navigate to 'https://www.webpagetest.org/' successfully

2020-09-23 17:23:06 - [MESSAGE][PASSED] - Navigate to 'https://www.webpagetest.org/' successfully

2020-09-23 17:23:06 - [TEST_STEP][PASSED] - click(findTestObject("Object Repository/TC04_LoginSuccess/Page_WebPageTest - Website Performance and _5bfcc6/a_Login")): Object: 'Object Repository/TC04_LoginSuccess/Page_WebPageTest - Website Performance and _5bfcc6/a_Login' is clicked on

2020-09-23 17:23:08 - [MESSAGE][PASSED] - Object: 'Object Repository/TC04_LoginSuccess/Page_WebPageTest - Website Performance and _5bfcc6/a_Login' is clicked on

2020-09-23 17:23:08 - [TEST_STEP][PASSED] - setText(findTestObject("Object Repository/TC04_LoginSuccess/Page_WebPagetest Forums - Login/input_Username_username"), "vtd"): Text 'vtd' is set on object 'Object Repository/TC04_LoginSuccess/Page_WebPagetest Forums - Login/input_Username_username'

2020-09-23 17:23:08 - [MESSAGE][PASSED] - Text 'vtd' is set on object 'Object Repository/TC04_LoginSuccess/Page_WebPagetest Forums - Login/input_Username_username'

2020-09-23 17:23:08 - [TEST_STEP][PASSED] - setEncryptedText(findTestObject("Object Repository/TC04_LoginSuccess/Page_WebPagetest Forums - Login/input_()_password"), "ISvJhDV+0iO0sg/NmSkSwg=="): Text ****** has been set on object 'Object Repository/TC04_LoginSuccess/Page_WebPagetest Forums - Login/input_()_password'

2020-09-23 17:23:09 - [MESSAGE][PASSED] - Text ****** has been set on object 'Object Repository/TC04_LoginSuccess/Page_WebPagetest Forums - Login/input_()_password'

2020-09-23 17:23:09 - [TEST_STEP][PASSED] - click(findTestObject("Object Repository/TC04_LoginSuccess/Page_WebPagetest Forums - Login/input_Remember me_submit")): Object: 'Object Repository/TC04_LoginSuccess/Page_WebPagetest Forums - Login/input_Remember me_submit' is clicked on

2020-09-23 17:23:10 - [MESSAGE][PASSED] - Object: 'Object Repository/TC04_LoginSuccess/Page_WebPagetest Forums - Login/input_Remember me_submit' is clicked on

2020-09-23 17:23:10 - [TEST_STEP][PASSED] - verifyElementPresent(findTestObject("Object Repository/TC04_LoginSuccess/Page_WebPageTest - Website Performance and _5bfcc6/div_Welcome, vtd  Logout"), 0): Object 'Object Repository/TC04_LoginSuccess/Page_WebPageTest - Website Performance and _5bfcc6/div_Welcome, vtd  Logout' is present

2020-09-23 17:23:10 - [MESSAGE][WARNING] - Timeout '0' is invalid. Using default page load timeout: '30'

2020-09-23 17:23:11 - [MESSAGE][PASSED] - Object 'Object Repository/TC04_LoginSuccess/Page_WebPageTest - Website Performance and _5bfcc6/div_Welcome, vtd  Logout' is present

2020-09-23 17:23:11 - [TEST_STEP][PASSED] - click(findTestObject("Object Repository/TC04_LoginSuccess/Page_WebPageTest - Website Performance and _5bfcc6/a_Logout")): Object: 'Object Repository/TC04_LoginSuccess/Page_WebPageTest - Website Performance and _5bfcc6/a_Logout' is clicked on

2020-09-23 17:23:12 - [MESSAGE][PASSED] - Object: 'Object Repository/TC04_LoginSuccess/Page_WebPageTest - Website Performance and _5bfcc6/a_Logout' is clicked on

2020-09-23 17:23:12 - [TEST_STEP][PASSED] - closeBrowser(): Browser is closed

2020-09-23 17:23:12 - [MESSAGE][PASSED] - Browser is closed]]></system-out>
         <system-err><![CDATA[]]></system-err>
      </testcase>
      <testcase name="Test Cases/TC05_UseTestedFunctionalityOfSite" time="14.457" classname="Test Cases/TC05_UseTestedFunctionalityOfSite" status="PASSED">
         <system-out><![CDATA[2020-09-23 17:23:12 - [TEST_CASE][PASSED] - Test Cases/TC05_UseTestedFunctionalityOfSite: Test Cases/TC05_UseTestedFunctionalityOfSite

2020-09-23 17:23:12 - [TEST_STEP][PASSED] - openBrowser(""): Browser is opened with url: ''

2020-09-23 17:23:12 - [MESSAGE][INFO] - Starting 'Chrome' driver

2020-09-23 17:23:12 - [MESSAGE][INFO] - Action delay is set to 0 milliseconds

2020-09-23 17:23:12 - [MESSAGE][PASSED] - Browser is opened with url: ''

2020-09-23 17:23:12 - [TEST_STEP][PASSED] - navigateToUrl("https://www.webpagetest.org/"): Navigate to 'https://www.webpagetest.org/' successfully

2020-09-23 17:23:16 - [MESSAGE][PASSED] - Navigate to 'https://www.webpagetest.org/' successfully

2020-09-23 17:23:16 - [TEST_STEP][PASSED] - click(findTestObject("Object Repository/TC05_UseTestedFunctionalityOfSite/Page_WebPageTest - Website Performance and _5bfcc6/a_Login")): Object: 'Object Repository/TC05_UseTestedFunctionalityOfSite/Page_WebPageTest - Website Performance and _5bfcc6/a_Login' is clicked on

2020-09-23 17:23:18 - [MESSAGE][PASSED] - Object: 'Object Repository/TC05_UseTestedFunctionalityOfSite/Page_WebPageTest - Website Performance and _5bfcc6/a_Login' is clicked on

2020-09-23 17:23:18 - [TEST_STEP][PASSED] - setText(findTestObject("Object Repository/TC05_UseTestedFunctionalityOfSite/Page_WebPagetest Forums - Login/input_Username_username"), "vtd"): Text 'vtd' is set on object 'Object Repository/TC05_UseTestedFunctionalityOfSite/Page_WebPagetest Forums - Login/input_Username_username'

2020-09-23 17:23:18 - [MESSAGE][PASSED] - Text 'vtd' is set on object 'Object Repository/TC05_UseTestedFunctionalityOfSite/Page_WebPagetest Forums - Login/input_Username_username'

2020-09-23 17:23:18 - [TEST_STEP][PASSED] - setEncryptedText(findTestObject("Object Repository/TC05_UseTestedFunctionalityOfSite/Page_WebPagetest Forums - Login/input_()_password"), "ISvJhDV+0iO0sg/NmSkSwg=="): Text ****** has been set on object 'Object Repository/TC05_UseTestedFunctionalityOfSite/Page_WebPagetest Forums - Login/input_()_password'

2020-09-23 17:23:19 - [MESSAGE][PASSED] - Text ****** has been set on object 'Object Repository/TC05_UseTestedFunctionalityOfSite/Page_WebPagetest Forums - Login/input_()_password'

2020-09-23 17:23:19 - [TEST_STEP][PASSED] - click(findTestObject("Object Repository/TC05_UseTestedFunctionalityOfSite/Page_WebPagetest Forums - Login/input_Remember me_submit")): Object: 'Object Repository/TC05_UseTestedFunctionalityOfSite/Page_WebPagetest Forums - Login/input_Remember me_submit' is clicked on

2020-09-23 17:23:21 - [MESSAGE][PASSED] - Object: 'Object Repository/TC05_UseTestedFunctionalityOfSite/Page_WebPagetest Forums - Login/input_Remember me_submit' is clicked on

2020-09-23 17:23:21 - [TEST_STEP][PASSED] - setText(findTestObject("Object Repository/TC05_UseTestedFunctionalityOfSite/Page_WebPageTest - Website Performance and _5bfcc6/input_Traceroute_url"), "fb.com"): Text 'fb.com' is set on object 'Object Repository/TC05_UseTestedFunctionalityOfSite/Page_WebPageTest - Website Performance and _5bfcc6/input_Traceroute_url'

2020-09-23 17:23:22 - [MESSAGE][PASSED] - Text 'fb.com' is set on object 'Object Repository/TC05_UseTestedFunctionalityOfSite/Page_WebPageTest - Website Performance and _5bfcc6/input_Traceroute_url'

2020-09-23 17:23:22 - [TEST_STEP][PASSED] - selectOptionByValue(findTestObject("Object Repository/TC05_UseTestedFunctionalityOfSite/Page_WebPageTest - Website Performance and _5bfcc6/select_Moto G (gen 4)Moto G (gen 6)Alcatel _73e413"), "ec2-ap-northeast-2-catchpoint", true): All options with value 'ec2-ap-northeast-2-catchpoint' are selected in object 'Object Repository/TC05_UseTestedFunctionalityOfSite/Page_WebPageTest - Website Performance and _5bfcc6/select_Moto G (gen 4)Moto G (gen 6)Alcatel _73e413'  using regular expression

2020-09-23 17:23:24 - [MESSAGE][PASSED] - All options with value 'ec2-ap-northeast-2-catchpoint' are selected in object 'Object Repository/TC05_UseTestedFunctionalityOfSite/Page_WebPageTest - Website Performance and _5bfcc6/select_Moto G (gen 4)Moto G (gen 6)Alcatel _73e413'  using regular expression

2020-09-23 17:23:24 - [TEST_STEP][PASSED] - click(findTestObject("Object Repository/TC05_UseTestedFunctionalityOfSite/Page_WebPageTest - Website Performance and _5bfcc6/button_Custom Hero Element Selectors_g-reca_fcd9f4")): Object: 'Object Repository/TC05_UseTestedFunctionalityOfSite/Page_WebPageTest - Website Performance and _5bfcc6/button_Custom Hero Element Selectors_g-reca_fcd9f4' is clicked on

2020-09-23 17:23:25 - [MESSAGE][PASSED] - Object: 'Object Repository/TC05_UseTestedFunctionalityOfSite/Page_WebPageTest - Website Performance and _5bfcc6/button_Custom Hero Element Selectors_g-reca_fcd9f4' is clicked on

2020-09-23 17:23:25 - [TEST_STEP][PASSED] - click(findTestObject("Object Repository/TC05_UseTestedFunctionalityOfSite/Page_WebPageTest Content Breakdown - Seoul _cc0266/a_Logout")): Object: 'Object Repository/TC05_UseTestedFunctionalityOfSite/Page_WebPageTest Content Breakdown - Seoul _cc0266/a_Logout' is clicked on

2020-09-23 17:23:26 - [MESSAGE][PASSED] - Object: 'Object Repository/TC05_UseTestedFunctionalityOfSite/Page_WebPageTest Content Breakdown - Seoul _cc0266/a_Logout' is clicked on

2020-09-23 17:23:26 - [TEST_STEP][PASSED] - closeBrowser(): Browser is closed

2020-09-23 17:23:26 - [MESSAGE][PASSED] - Browser is closed]]></system-out>
         <system-err><![CDATA[]]></system-err>
      </testcase>
      <system-out><![CDATA[2020-09-23 17:22:39 - [TEST_SUITE][PASSED] - Webpagetest: Test Cases/TC05_UseTestedFunctionalityOfSite]]></system-out>
      <system-err><![CDATA[]]></system-err>
   </testsuite>
</testsuites>
